\BOOKMARK [1][]{section.1}{\376\377\000I\000n\000t\000r\000o\000d\000u\000c\000t\000i\000o\000n}{}% 1
\BOOKMARK [1][]{section.2}{\376\377\000R\000e\000l\000a\000t\000e\000d\000\040\000W\000o\000r\000k\000s}{}% 2
\BOOKMARK [2][]{subsection.2.1}{\376\377\000L\000a\000n\000g\000u\000a\000g\000e\000s\000\040\000f\000o\000r\000\040\000T\000e\000m\000p\000o\000r\000a\000l\000\040\000F\000o\000r\000m\000a\000l\000\040\000S\000p\000e\000c\000i\000f\000i\000c\000a\000t\000i\000o\000n\000s}{section.2}% 3
\BOOKMARK [3][]{subsubsection.2.1.1}{\376\377\000L\000T\000L\000f}{subsection.2.1}% 4
\BOOKMARK [3][]{subsubsection.2.1.2}{\376\377\000D\000e\000c\000l\000a\000r\000e}{subsection.2.1}% 5
\BOOKMARK [2][]{subsection.2.2}{\376\377\000K\000n\000o\000B\000A\000B\000\040\000a\000n\000d\000\040\000x\000t\000L\000T\000L\000f}{section.2}% 6
\BOOKMARK [3][]{subsubsection.2.2.1}{\376\377\000K\000n\000o\000B\000A\000B}{subsection.2.2}% 7
\BOOKMARK [3][]{subsubsection.2.2.2}{\376\377\000x\000t\000L\000T\000L\000f}{subsection.2.2}% 8
\BOOKMARK [2][]{subsection.2.3}{\376\377\000A\000l\000g\000e\000b\000r\000a\000i\000c\000\040\000S\000p\000e\000c\000i\000f\000i\000c\000a\000t\000i\000o\000n\000\040\000f\000o\000r\000\040\000Q\000u\000e\000r\000i\000e\000s}{section.2}% 9
\BOOKMARK [1][]{section.3}{\376\377\000P\000r\000o\000p\000o\000s\000e\000d\000\040\000D\000e\000r\000i\000v\000e\000d\000\040\000O\000p\000e\000r\000a\000t\000o\000r\000s}{}% 10
\BOOKMARK [2][]{subsection.3.1}{\376\377\000A\000n\000d\000A\000l\000t\000F\000u\000t\000u\000r\000e\000\040}{section.3}% 11
\BOOKMARK [2][]{subsection.3.2}{\376\377\000A\000n\000d\000A\000l\000t\000W\000F\000u\000t\000u\000r\000e}{section.3}% 12
\BOOKMARK [2][]{subsection.3.3}{\376\377\000A\000n\000d\000N\000e\000x\000t}{section.3}% 13
\BOOKMARK [2][]{subsection.3.4}{\376\377\000N\000e\000x\000t\000A\000n\000d}{section.3}% 14
\BOOKMARK [1][]{section.4}{\376\377\000A\000l\000g\000o\000r\000i\000t\000h\000m\000i\000c\000\040\000I\000m\000p\000l\000e\000m\000e\000n\000t\000a\000t\000i\000o\000n}{}% 15
\BOOKMARK [2][]{subsection.4.1}{\376\377\000A\000n\000d\000A\000l\000t\000F\000u\000t\000u\000r\000e\000\040}{section.4}% 16
\BOOKMARK [2][]{subsection.4.2}{\376\377\000A\000n\000d\000A\000l\000t\000W\000F\000u\000t\000u\000r\000e}{section.4}% 17
\BOOKMARK [2][]{subsection.4.3}{\376\377\000A\000n\000d\000N\000e\000x\000t}{section.4}% 18
\BOOKMARK [2][]{subsection.4.4}{\376\377\000N\000e\000x\000t\000A\000n\000d}{section.4}% 19
\BOOKMARK [1][]{section.5}{\376\377\000E\000m\000p\000i\000r\000i\000c\000a\000l\000\040\000E\000v\000a\000l\000u\000a\000t\000i\000o\000n}{}% 20
\BOOKMARK [1][]{section.6}{\376\377\000C\000o\000n\000c\000l\000u\000s\000i\000o\000n\000s\000\040\000a\000n\000d\000\040\000F\000u\000t\000u\000r\000e\000\040\000W\000o\000r\000k\000s}{}% 21
\BOOKMARK [1][]{section.7}{\376\377\000R\000e\000f\000e\000r\000e\000n\000c\000e\000s}{}% 22
